<?xml version="1.0" encoding="utf-8"?>
<coverage line-rate="0.9124" branch-rate="0.8210999999999999" version="1.9" timestamp="1774997470" lines-covered="250" lines-valid="274" branches-covered="101" branches-valid="123">
  <sources>
    <source>/home/gil/dev/recrd/packages/Recrd.Gherkin/</source>
  </sources>
  <packages>
    <package name="Recrd.Gherkin" line-rate="0.9124" branch-rate="0.8210999999999999" complexity="134">
      <classes>
        <class name="Recrd.Gherkin.GherkinException" filename="GherkinException.cs" line-rate="1" branch-rate="1" complexity="3">
          <methods>
            <method name="get_VariableName" signature="()" line-rate="1" branch-rate="1" complexity="1">
              <lines>
                <line number="5" hits="1" branch="False" />
              </lines>
            </method>
            <method name="get_DataFilePath" signature="()" line-rate="1" branch-rate="1" complexity="1">
              <lines>
                <line number="6" hits="1" branch="False" />
              </lines>
            </method>
            <method name=".ctor" signature="(System.String,System.String,System.String)" line-rate="1" branch-rate="1" complexity="1">
              <lines>
                <line number="12" hits="2" branch="False" />
                <line number="13" hits="2" branch="False" />
                <line number="14" hits="2" branch="False" />
                <line number="15" hits="2" branch="False" />
                <line number="16" hits="2" branch="False" />
              </lines>
            </method>
          </methods>
          <lines>
            <line number="5" hits="1" branch="False" />
            <line number="6" hits="1" branch="False" />
            <line number="12" hits="2" branch="False" />
            <line number="13" hits="2" branch="False" />
            <line number="14" hits="2" branch="False" />
            <line number="15" hits="2" branch="False" />
            <line number="16" hits="2" branch="False" />
          </lines>
        </class>
        <class name="Recrd.Gherkin.GherkinGenerator/&lt;&gt;c" filename="GherkinGenerator.cs" line-rate="0.6666" branch-rate="1" complexity="3">
          <methods>
            <method name="&lt;GenerateAsync&gt;b__0_0" signature="(Recrd.Core.Ast.IStep)" line-rate="1" branch-rate="1" complexity="1">
              <lines>
                <line number="46" hits="85" branch="False" />
              </lines>
            </method>
            <method name="&lt;EmitExemplosAsync&gt;b__1_0" signature="(Recrd.Core.Ast.Variable)" line-rate="1" branch-rate="1" complexity="1">
              <lines>
                <line number="105" hits="7" branch="False" />
              </lines>
            </method>
            <method name="&lt;EmitExemplosAsync&gt;b__1_1" signature="(Recrd.Core.Ast.Variable)" line-rate="0" branch-rate="1" complexity="1">
              <lines>
                <line number="127" hits="0" branch="False" />
              </lines>
            </method>
          </methods>
          <lines>
            <line number="46" hits="85" branch="False" />
            <line number="105" hits="7" branch="False" />
            <line number="127" hits="0" branch="False" />
          </lines>
        </class>
        <class name="Recrd.Gherkin.GherkinGenerator/&lt;&gt;c__DisplayClass1_0" filename="GherkinGenerator.cs" line-rate="1" branch-rate="1" complexity="1">
          <methods>
            <method name="&lt;EmitExemplosAsync&gt;b__2" signature="(System.String)" line-rate="1" branch-rate="1" complexity="1">
              <lines>
                <line number="131" hits="13" branch="False" />
              </lines>
            </method>
          </methods>
          <lines>
            <line number="131" hits="13" branch="False" />
          </lines>
        </class>
        <class name="Recrd.Gherkin.GherkinGenerator/&lt;EmitExemplosAsync&gt;d__1" filename="GherkinGenerator.cs" line-rate="0.8979" branch-rate="0.9229999999999999" complexity="26">
          <methods>
            <method name="MoveNext" signature="()" line-rate="0.8979" branch-rate="0.9229999999999999" complexity="26">
              <lines>
                <line number="79" hits="20" branch="False" />
                <line number="81" hits="20" branch="True" condition-coverage="100% (2/2)">
                  <conditions>
                    <condition number="89" type="jump" coverage="100%" />
                  </conditions>
                </line>
                <line number="82" hits="12" branch="False" />
                <line number="83" hits="12" branch="False" />
                <line number="87" hits="8" branch="False" />
                <line number="90" hits="8" branch="False" />
                <line number="91" hits="40" branch="True" condition-coverage="100% (2/2)">
                  <conditions>
                    <condition number="544" type="jump" coverage="100%" />
                  </conditions>
                </line>
                <line number="92" hits="9" branch="False" />
                <line number="93" hits="9" branch="True" condition-coverage="100% (2/2)">
                  <conditions>
                    <condition number="376" type="jump" coverage="100%" />
                  </conditions>
                </line>
                <line number="94" hits="2" branch="False" />
                <line number="95" hits="2" branch="True" condition-coverage="100% (4/4)">
                  <conditions>
                    <condition number="400" type="jump" coverage="100%" />
                    <condition number="412" type="jump" coverage="100%" />
                  </conditions>
                </line>
                <line number="96" hits="2" branch="False" />
                <line number="97" hits="2" branch="False" />
                <line number="98" hits="2" branch="False" />
                <line number="99" hits="2" branch="False" />
                <line number="101" hits="7" branch="False" />
                <line number="104" hits="6" branch="False" />
                <line number="106" hits="6" branch="False" />
                <line number="108" hits="6" branch="True" condition-coverage="100% (2/2)">
                  <conditions>
                    <condition number="659" type="jump" coverage="100%" />
                  </conditions>
                </line>
                <line number="109" hits="36" branch="True" condition-coverage="100% (2/2)">
                  <conditions>
                    <condition number="944" type="jump" coverage="100%" />
                  </conditions>
                </line>
                <line number="110" hits="9" branch="False" />
                <line number="111" hits="9" branch="True" condition-coverage="100% (2/2)">
                  <conditions>
                    <condition number="757" type="jump" coverage="100%" />
                  </conditions>
                </line>
                <line number="112" hits="2" branch="False" />
                <line number="113" hits="2" branch="False" />
                <line number="114" hits="2" branch="True" condition-coverage="100% (2/2)">
                  <conditions>
                    <condition number="803" type="jump" coverage="100%" />
                  </conditions>
                </line>
                <line number="115" hits="1" branch="False" />
                <line number="116" hits="1" branch="False" />
                <line number="117" hits="1" branch="False" />
                <line number="118" hits="2" branch="False" />
                <line number="119" hits="9" branch="False" />
                <line number="122" hits="6" branch="False" />
                <line number="125" hits="6" branch="True" condition-coverage="50% (1/2)">
                  <conditions>
                    <condition number="1021" type="jump" coverage="50%" />
                  </conditions>
                </line>
                <line number="126" hits="0" branch="False" />
                <line number="128" hits="0" branch="False" />
                <line number="134" hits="32" branch="True" condition-coverage="100% (2/2)">
                  <conditions>
                    <condition number="1240" type="jump" coverage="100%" />
                  </conditions>
                </line>
                <line number="135" hits="7" branch="False" />
                <line number="136" hits="7" branch="True" condition-coverage="50% (1/2)">
                  <conditions>
                    <condition number="1194" type="jump" coverage="50%" />
                  </conditions>
                </line>
                <line number="137" hits="0" branch="False" />
                <line number="138" hits="0" branch="False" />
                <line number="139" hits="0" branch="False" />
                <line number="140" hits="7" branch="False" />
                <line number="143" hits="6" branch="False" />
                <line number="144" hits="6" branch="False" />
                <line number="145" hits="6" branch="False" />
                <line number="146" hits="34" branch="True" condition-coverage="100% (2/2)">
                  <conditions>
                    <condition number="1794" type="jump" coverage="100%" />
                  </conditions>
                </line>
                <line number="147" hits="8" branch="False" />
                <line number="148" hits="8" branch="False" />
                <line number="149" hits="8" branch="False" />
                <line number="150" hits="18" branch="False" />
              </lines>
            </method>
          </methods>
          <lines>
            <line number="79" hits="20" branch="False" />
            <line number="81" hits="20" branch="True" condition-coverage="100% (2/2)">
              <conditions>
                <condition number="89" type="jump" coverage="100%" />
              </conditions>
            </line>
            <line number="82" hits="12" branch="False" />
            <line number="83" hits="12" branch="False" />
            <line number="87" hits="8" branch="False" />
            <line number="90" hits="8" branch="False" />
            <line number="91" hits="40" branch="True" condition-coverage="100% (2/2)">
              <conditions>
                <condition number="544" type="jump" coverage="100%" />
              </conditions>
            </line>
            <line number="92" hits="9" branch="False" />
            <line number="93" hits="9" branch="True" condition-coverage="100% (2/2)">
              <conditions>
                <condition number="376" type="jump" coverage="100%" />
              </conditions>
            </line>
            <line number="94" hits="2" branch="False" />
            <line number="95" hits="2" branch="True" condition-coverage="100% (4/4)">
              <conditions>
                <condition number="400" type="jump" coverage="100%" />
                <condition number="412" type="jump" coverage="100%" />
              </conditions>
            </line>
            <line number="96" hits="2" branch="False" />
            <line number="97" hits="2" branch="False" />
            <line number="98" hits="2" branch="False" />
            <line number="99" hits="2" branch="False" />
            <line number="101" hits="7" branch="False" />
            <line number="104" hits="6" branch="False" />
            <line number="106" hits="6" branch="False" />
            <line number="108" hits="6" branch="True" condition-coverage="100% (2/2)">
              <conditions>
                <condition number="659" type="jump" coverage="100%" />
              </conditions>
            </line>
            <line number="109" hits="36" branch="True" condition-coverage="100% (2/2)">
              <conditions>
                <condition number="944" type="jump" coverage="100%" />
              </conditions>
            </line>
            <line number="110" hits="9" branch="False" />
            <line number="111" hits="9" branch="True" condition-coverage="100% (2/2)">
              <conditions>
                <condition number="757" type="jump" coverage="100%" />
              </conditions>
            </line>
            <line number="112" hits="2" branch="False" />
            <line number="113" hits="2" branch="False" />
            <line number="114" hits="2" branch="True" condition-coverage="100% (2/2)">
              <conditions>
                <condition number="803" type="jump" coverage="100%" />
              </conditions>
            </line>
            <line number="115" hits="1" branch="False" />
            <line number="116" hits="1" branch="False" />
            <line number="117" hits="1" branch="False" />
            <line number="118" hits="2" branch="False" />
            <line number="119" hits="9" branch="False" />
            <line number="122" hits="6" branch="False" />
            <line number="125" hits="6" branch="True" condition-coverage="50% (1/2)">
              <conditions>
                <condition number="1021" type="jump" coverage="50%" />
              </conditions>
            </line>
            <line number="126" hits="0" branch="False" />
            <line number="128" hits="0" branch="False" />
            <line number="134" hits="32" branch="True" condition-coverage="100% (2/2)">
              <conditions>
                <condition number="1240" type="jump" coverage="100%" />
              </conditions>
            </line>
            <line number="135" hits="7" branch="False" />
            <line number="136" hits="7" branch="True" condition-coverage="50% (1/2)">
              <conditions>
                <condition number="1194" type="jump" coverage="50%" />
              </conditions>
            </line>
            <line number="137" hits="0" branch="False" />
            <line number="138" hits="0" branch="False" />
            <line number="139" hits="0" branch="False" />
            <line number="140" hits="7" branch="False" />
            <line number="143" hits="6" branch="False" />
            <line number="144" hits="6" branch="False" />
            <line number="145" hits="6" branch="False" />
            <line number="146" hits="34" branch="True" condition-coverage="100% (2/2)">
              <conditions>
                <condition number="1794" type="jump" coverage="100%" />
              </conditions>
            </line>
            <line number="147" hits="8" branch="False" />
            <line number="148" hits="8" branch="False" />
            <line number="149" hits="8" branch="False" />
            <line number="150" hits="18" branch="False" />
          </lines>
        </class>
        <class name="Recrd.Gherkin.GherkinGenerator/&lt;EmitGroupStepsAsync&gt;d__2" filename="GherkinGenerator.cs" line-rate="0.7931" branch-rate="0.8332999999999999" complexity="12">
          <methods>
            <method name="MoveNext" signature="()" line-rate="0.7931" branch-rate="0.8332999999999999" complexity="12">
              <lines>
                <line number="156" hits="16" branch="False" />
                <line number="157" hits="128" branch="True" condition-coverage="100% (2/2)">
                  <conditions>
                    <condition number="745" type="jump" coverage="100%" />
                  </conditions>
                </line>
                <line number="158" hits="40" branch="False" />
                <line number="159" hits="40" branch="True" condition-coverage="50% (1/2)">
                  <conditions>
                    <condition number="107" type="jump" coverage="50%" />
                  </conditions>
                </line>
                <line number="160" hits="40" branch="False" />
                <line number="161" hits="40" branch="True" condition-coverage="75% (3/4)">
                  <conditions>
                    <condition number="142" type="switch" coverage="75%" />
                  </conditions>
                </line>
                <line number="162" hits="40" branch="False" />
                <line number="163" hits="14" branch="False" />
                <line number="164" hits="13" branch="False" />
                <line number="165" hits="13" branch="False" />
                <line number="166" hits="0" branch="False" />
                <line number="167" hits="40" branch="False" />
                <line number="169" hits="40" branch="False" />
                <line number="170" hits="250" branch="True" condition-coverage="100% (2/2)">
                  <conditions>
                    <condition number="502" type="jump" coverage="100%" />
                  </conditions>
                </line>
                <line number="171" hits="65" branch="False" />
                <line number="172" hits="65" branch="False" />
                <line number="173" hits="65" branch="False" />
                <line number="174" hits="65" branch="True" condition-coverage="100% (2/2)">
                  <conditions>
                    <condition number="310" type="jump" coverage="100%" />
                  </conditions>
                </line>
                <line number="175" hits="65" branch="False" />
                <line number="176" hits="65" branch="False" />
                <line number="177" hits="65" branch="False" />
                <line number="178" hits="40" branch="False" />
                <line number="180" hits="0" branch="False" />
                <line number="182" hits="0" branch="False" />
                <line number="183" hits="0" branch="False" />
                <line number="184" hits="0" branch="False" />
                <line number="185" hits="0" branch="False" />
                <line number="186" hits="40" branch="False" />
                <line number="187" hits="16" branch="False" />
              </lines>
            </method>
          </methods>
          <lines>
            <line number="156" hits="16" branch="False" />
            <line number="157" hits="128" branch="True" condition-coverage="100% (2/2)">
              <conditions>
                <condition number="745" type="jump" coverage="100%" />
              </conditions>
            </line>
            <line number="158" hits="40" branch="False" />
            <line number="159" hits="40" branch="True" condition-coverage="50% (1/2)">
              <conditions>
                <condition number="107" type="jump" coverage="50%" />
              </conditions>
            </line>
            <line number="160" hits="40" branch="False" />
            <line number="161" hits="40" branch="True" condition-coverage="75% (3/4)">
              <conditions>
                <condition number="142" type="switch" coverage="75%" />
              </conditions>
            </line>
            <line number="162" hits="40" branch="False" />
            <line number="163" hits="14" branch="False" />
            <line number="164" hits="13" branch="False" />
            <line number="165" hits="13" branch="False" />
            <line number="166" hits="0" branch="False" />
            <line number="167" hits="40" branch="False" />
            <line number="169" hits="40" branch="False" />
            <line number="170" hits="250" branch="True" condition-coverage="100% (2/2)">
              <conditions>
                <condition number="502" type="jump" coverage="100%" />
              </conditions>
            </line>
            <line number="171" hits="65" branch="False" />
            <line number="172" hits="65" branch="False" />
            <line number="173" hits="65" branch="False" />
            <line number="174" hits="65" branch="True" condition-coverage="100% (2/2)">
              <conditions>
                <condition number="310" type="jump" coverage="100%" />
              </conditions>
            </line>
            <line number="175" hits="65" branch="False" />
            <line number="176" hits="65" branch="False" />
            <line number="177" hits="65" branch="False" />
            <line number="178" hits="40" branch="False" />
            <line number="180" hits="0" branch="False" />
            <line number="182" hits="0" branch="False" />
            <line number="183" hits="0" branch="False" />
            <line number="184" hits="0" branch="False" />
            <line number="185" hits="0" branch="False" />
            <line number="186" hits="40" branch="False" />
            <line number="187" hits="16" branch="False" />
          </lines>
        </class>
        <class name="Recrd.Gherkin.GherkinGenerator/&lt;EmitHeuristicStepsAsync&gt;d__3" filename="GherkinGenerator.cs" line-rate="0.9582999999999999" branch-rate="0.875" complexity="8">
          <methods>
            <method name="MoveNext" signature="()" line-rate="0.9582999999999999" branch-rate="0.875" complexity="8">
              <lines>
                <line number="193" hits="23" branch="False" />
                <line number="194" hits="23" branch="False" />
                <line number="195" hits="23" branch="False" />
                <line number="197" hits="129" branch="True" condition-coverage="100% (2/2)">
                  <conditions>
                    <condition number="467" type="jump" coverage="100%" />
                  </conditions>
                </line>
                <line number="198" hits="30" branch="False" />
                <line number="199" hits="30" branch="False" />
                <line number="200" hits="30" branch="False" />
                <line number="203" hits="30" branch="True" condition-coverage="100% (2/2)">
                  <conditions>
                    <condition number="185" type="jump" coverage="100%" />
                  </conditions>
                </line>
                <line number="204" hits="29" branch="False" />
                <line number="206" hits="29" branch="True" condition-coverage="75% (3/4)">
                  <conditions>
                    <condition number="202" type="switch" coverage="75%" />
                  </conditions>
                </line>
                <line number="207" hits="29" branch="False" />
                <line number="208" hits="9" branch="False" />
                <line number="209" hits="13" branch="False" />
                <line number="210" hits="7" branch="False" />
                <line number="211" hits="0" branch="False" />
                <line number="212" hits="29" branch="False" />
                <line number="213" hits="29" branch="False" />
                <line number="214" hits="29" branch="False" />
                <line number="216" hits="1" branch="False" />
                <line number="217" hits="1" branch="False" />
                <line number="218" hits="1" branch="False" />
                <line number="220" hits="30" branch="False" />
                <line number="221" hits="30" branch="False" />
                <line number="222" hits="23" branch="False" />
              </lines>
            </method>
          </methods>
          <lines>
            <line number="193" hits="23" branch="False" />
            <line number="194" hits="23" branch="False" />
            <line number="195" hits="23" branch="False" />
            <line number="197" hits="129" branch="True" condition-coverage="100% (2/2)">
              <conditions>
                <condition number="467" type="jump" coverage="100%" />
              </conditions>
            </line>
            <line number="198" hits="30" branch="False" />
            <line number="199" hits="30" branch="False" />
            <line number="200" hits="30" branch="False" />
            <line number="203" hits="30" branch="True" condition-coverage="100% (2/2)">
              <conditions>
                <condition number="185" type="jump" coverage="100%" />
              </conditions>
            </line>
            <line number="204" hits="29" branch="False" />
            <line number="206" hits="29" branch="True" condition-coverage="75% (3/4)">
              <conditions>
                <condition number="202" type="switch" coverage="75%" />
              </conditions>
            </line>
            <line number="207" hits="29" branch="False" />
            <line number="208" hits="9" branch="False" />
            <line number="209" hits="13" branch="False" />
            <line number="210" hits="7" branch="False" />
            <line number="211" hits="0" branch="False" />
            <line number="212" hits="29" branch="False" />
            <line number="213" hits="29" branch="False" />
            <line number="214" hits="29" branch="False" />
            <line number="216" hits="1" branch="False" />
            <line number="217" hits="1" branch="False" />
            <line number="218" hits="1" branch="False" />
            <line number="220" hits="30" branch="False" />
            <line number="221" hits="30" branch="False" />
            <line number="222" hits="23" branch="False" />
          </lines>
        </class>
        <class name="Recrd.Gherkin.GherkinGenerator/&lt;GenerateAsync&gt;d__0" filename="GherkinGenerator.cs" line-rate="1" branch-rate="1" complexity="16">
          <methods>
            <method name="MoveNext" signature="()" line-rate="1" branch-rate="1" complexity="16">
              <lines>
                <line number="15" hits="39" branch="False" />
                <line number="17" hits="39" branch="False" />
                <line number="18" hits="39" branch="False" />
                <line number="21" hits="39" branch="True" condition-coverage="100% (2/2)">
                  <conditions>
                    <condition number="346" type="jump" coverage="100%" />
                  </conditions>
                </line>
                <line number="22" hits="39" branch="False" />
                <line number="23" hits="39" branch="False" />
                <line number="26" hits="39" branch="True" condition-coverage="100% (6/6)">
                  <conditions>
                    <condition number="591" type="jump" coverage="100%" />
                    <condition number="613" type="jump" coverage="100%" />
                    <condition number="636" type="jump" coverage="100%" />
                  </conditions>
                </line>
                <line number="27" hits="1" branch="False" />
                <line number="28" hits="7" branch="True" condition-coverage="100% (2/2)">
                  <conditions>
                    <condition number="831" type="jump" coverage="100%" />
                  </conditions>
                </line>
                <line number="29" hits="2" branch="False" />
                <line number="30" hits="2" branch="False" />
                <line number="31" hits="2" branch="False" />
                <line number="32" hits="1" branch="False" />
                <line number="35" hits="39" branch="True" condition-coverage="100% (2/2)">
                  <conditions>
                    <condition number="894" type="jump" coverage="100%" />
                  </conditions>
                </line>
                <line number="36" hits="19" branch="False" />
                <line number="37" hits="19" branch="False" />
                <line number="38" hits="19" branch="False" />
                <line number="40" hits="20" branch="False" />
                <line number="41" hits="20" branch="False" />
                <line number="42" hits="20" branch="False" />
                <line number="45" hits="39" branch="False" />
                <line number="48" hits="39" branch="True" condition-coverage="100% (2/2)">
                  <conditions>
                    <condition number="1216" type="jump" coverage="100%" />
                  </conditions>
                </line>
                <line number="49" hits="16" branch="False" />
                <line number="51" hits="16" branch="False" />
                <line number="52" hits="16" branch="False" />
                <line number="54" hits="23" branch="False" />
                <line number="56" hits="23" branch="False" />
                <line number="57" hits="23" branch="False" />
                <line number="60" hits="39" branch="True" condition-coverage="100% (2/2)">
                  <conditions>
                    <condition number="1489" type="jump" coverage="100%" />
                  </conditions>
                </line>
                <line number="61" hits="20" branch="False" />
                <line number="62" hits="20" branch="False" />
                <line number="63" hits="18" branch="False" />
                <line number="66" hits="37" branch="False" />
                <line number="69" hits="37" branch="False" />
                <line number="70" hits="37" branch="False" />
              </lines>
            </method>
          </methods>
          <lines>
            <line number="15" hits="39" branch="False" />
            <line number="17" hits="39" branch="False" />
            <line number="18" hits="39" branch="False" />
            <line number="21" hits="39" branch="True" condition-coverage="100% (2/2)">
              <conditions>
                <condition number="346" type="jump" coverage="100%" />
              </conditions>
            </line>
            <line number="22" hits="39" branch="False" />
            <line number="23" hits="39" branch="False" />
            <line number="26" hits="39" branch="True" condition-coverage="100% (6/6)">
              <conditions>
                <condition number="591" type="jump" coverage="100%" />
                <condition number="613" type="jump" coverage="100%" />
                <condition number="636" type="jump" coverage="100%" />
              </conditions>
            </line>
            <line number="27" hits="1" branch="False" />
            <line number="28" hits="7" branch="True" condition-coverage="100% (2/2)">
              <conditions>
                <condition number="831" type="jump" coverage="100%" />
              </conditions>
            </line>
            <line number="29" hits="2" branch="False" />
            <line number="30" hits="2" branch="False" />
            <line number="31" hits="2" branch="False" />
            <line number="32" hits="1" branch="False" />
            <line number="35" hits="39" branch="True" condition-coverage="100% (2/2)">
              <conditions>
                <condition number="894" type="jump" coverage="100%" />
              </conditions>
            </line>
            <line number="36" hits="19" branch="False" />
            <line number="37" hits="19" branch="False" />
            <line number="38" hits="19" branch="False" />
            <line number="40" hits="20" branch="False" />
            <line number="41" hits="20" branch="False" />
            <line number="42" hits="20" branch="False" />
            <line number="45" hits="39" branch="False" />
            <line number="48" hits="39" branch="True" condition-coverage="100% (2/2)">
              <conditions>
                <condition number="1216" type="jump" coverage="100%" />
              </conditions>
            </line>
            <line number="49" hits="16" branch="False" />
            <line number="51" hits="16" branch="False" />
            <line number="52" hits="16" branch="False" />
            <line number="54" hits="23" branch="False" />
            <line number="56" hits="23" branch="False" />
            <line number="57" hits="23" branch="False" />
            <line number="60" hits="39" branch="True" condition-coverage="100% (2/2)">
              <conditions>
                <condition number="1489" type="jump" coverage="100%" />
              </conditions>
            </line>
            <line number="61" hits="20" branch="False" />
            <line number="62" hits="20" branch="False" />
            <line number="63" hits="18" branch="False" />
            <line number="66" hits="37" branch="False" />
            <line number="69" hits="37" branch="False" />
            <line number="70" hits="37" branch="False" />
          </lines>
        </class>
        <class name="Recrd.Gherkin.GherkinGeneratorOptions" filename="GherkinGeneratorOptions.cs" line-rate="1" branch-rate="1" complexity="3">
          <methods>
            <method name="get_Tags" signature="()" line-rate="1" branch-rate="1" complexity="1">
              <lines>
                <line number="6" hits="4" branch="False" />
              </lines>
            </method>
            <method name="get_DataFilePath" signature="()" line-rate="1" branch-rate="1" complexity="1">
              <lines>
                <line number="12" hits="2" branch="False" />
              </lines>
            </method>
            <method name="get_WarningWriter" signature="()" line-rate="1" branch-rate="1" complexity="1">
              <lines>
                <line number="18" hits="2" branch="False" />
              </lines>
            </method>
          </methods>
          <lines>
            <line number="6" hits="4" branch="False" />
            <line number="12" hits="2" branch="False" />
            <line number="18" hits="2" branch="False" />
          </lines>
        </class>
        <class name="Recrd.Gherkin.Internal.ExemplosTableBuilder" filename="Internal/ExemplosTableBuilder.cs" line-rate="1" branch-rate="0.875" complexity="9">
          <methods>
            <method name="DeriveColumnOrder" signature="(System.Collections.Generic.IReadOnlyList`1&lt;System.String&gt;)" line-rate="1" branch-rate="1" complexity="6">
              <lines>
                <line number="16" hits="6" branch="False" />
                <line number="17" hits="6" branch="False" />
                <line number="18" hits="6" branch="False" />
                <line number="20" hits="32" branch="True" condition-coverage="100% (2/2)">
                  <conditions>
                    <condition number="158" type="jump" coverage="100%" />
                  </conditions>
                </line>
                <line number="21" hits="7" branch="False" />
                <line number="22" hits="35" branch="True" condition-coverage="100% (2/2)">
                  <conditions>
                    <condition number="125" type="jump" coverage="100%" />
                  </conditions>
                </line>
                <line number="23" hits="7" branch="False" />
                <line number="24" hits="7" branch="False" />
                <line number="25" hits="7" branch="True" condition-coverage="100% (2/2)">
                  <conditions>
                    <condition number="104" type="jump" coverage="100%" />
                  </conditions>
                </line>
                <line number="26" hits="7" branch="False" />
                <line number="27" hits="7" branch="False" />
                <line number="28" hits="7" branch="False" />
                <line number="29" hits="7" branch="False" />
                <line number="30" hits="7" branch="False" />
                <line number="32" hits="6" branch="False" />
                <line number="33" hits="6" branch="False" />
              </lines>
            </method>
            <method name="RenderHeader" signature="(System.Collections.Generic.IReadOnlyList`1&lt;System.String&gt;)" line-rate="1" branch-rate="1" complexity="1">
              <lines>
                <line number="39" hits="6" branch="False" />
                <line number="40" hits="6" branch="False" />
                <line number="41" hits="6" branch="False" />
              </lines>
            </method>
            <method name="RenderRow" signature="(System.Collections.Generic.IReadOnlyList`1&lt;System.String&gt;,System.Collections.Generic.IReadOnlyDictionary`2&lt;System.String,System.String&gt;)" line-rate="1" branch-rate="0.5" complexity="2">
              <lines>
                <line number="49" hits="8" branch="False" />
                <line number="50" hits="8" branch="False" />
                <line number="51" hits="9" branch="True" condition-coverage="50% (1/2)">
                  <conditions>
                    <condition number="14" type="jump" coverage="50%" />
                  </conditions>
                </line>
                <line number="52" hits="8" branch="False" />
                <line number="53" hits="8" branch="False" />
                <line number="54" hits="8" branch="False" />
              </lines>
            </method>
          </methods>
          <lines>
            <line number="16" hits="6" branch="False" />
            <line number="17" hits="6" branch="False" />
            <line number="18" hits="6" branch="False" />
            <line number="20" hits="32" branch="True" condition-coverage="100% (2/2)">
              <conditions>
                <condition number="158" type="jump" coverage="100%" />
              </conditions>
            </line>
            <line number="21" hits="7" branch="False" />
            <line number="22" hits="35" branch="True" condition-coverage="100% (2/2)">
              <conditions>
                <condition number="125" type="jump" coverage="100%" />
              </conditions>
            </line>
            <line number="23" hits="7" branch="False" />
            <line number="24" hits="7" branch="False" />
            <line number="25" hits="7" branch="True" condition-coverage="100% (2/2)">
              <conditions>
                <condition number="104" type="jump" coverage="100%" />
              </conditions>
            </line>
            <line number="26" hits="7" branch="False" />
            <line number="27" hits="7" branch="False" />
            <line number="28" hits="7" branch="False" />
            <line number="29" hits="7" branch="False" />
            <line number="30" hits="7" branch="False" />
            <line number="32" hits="6" branch="False" />
            <line number="33" hits="6" branch="False" />
            <line number="39" hits="6" branch="False" />
            <line number="40" hits="6" branch="False" />
            <line number="41" hits="6" branch="False" />
            <line number="49" hits="8" branch="False" />
            <line number="50" hits="8" branch="False" />
            <line number="51" hits="9" branch="True" condition-coverage="50% (1/2)">
              <conditions>
                <condition number="14" type="jump" coverage="50%" />
              </conditions>
            </line>
            <line number="52" hits="8" branch="False" />
            <line number="53" hits="8" branch="False" />
            <line number="54" hits="8" branch="False" />
          </lines>
        </class>
        <class name="Recrd.Gherkin.Internal.ExemplosTableBuilder/&lt;MaterializeDataAsync&gt;d__4" filename="Internal/ExemplosTableBuilder.cs" line-rate="1" branch-rate="0.75" complexity="4">
          <methods>
            <method name="MoveNext" signature="()" line-rate="1" branch-rate="0.75" complexity="4">
              <lines>
                <line number="62" hits="8" branch="False" />
                <line number="63" hits="8" branch="False" />
                <line number="65" hits="44" branch="True" condition-coverage="100% (2/2)">
                  <conditions>
                    <condition number="260" type="jump" coverage="100%" />
                  </conditions>
                </line>
                <line number="66" hits="10" branch="False" />
                <line number="67" hits="10" branch="False" />
                <line number="68" hits="10" branch="False" />
                <line number="70" hits="8" branch="True" condition-coverage="50% (1/2)">
                  <conditions>
                    <condition number="468" type="jump" coverage="50%" />
                  </conditions>
                </line>
                <line number="71" hits="8" branch="False" />
                <line number="72" hits="8" branch="False" />
                <line number="74" hits="8" branch="False" />
                <line number="75" hits="8" branch="False" />
              </lines>
            </method>
          </methods>
          <lines>
            <line number="62" hits="8" branch="False" />
            <line number="63" hits="8" branch="False" />
            <line number="65" hits="44" branch="True" condition-coverage="100% (2/2)">
              <conditions>
                <condition number="260" type="jump" coverage="100%" />
              </conditions>
            </line>
            <line number="66" hits="10" branch="False" />
            <line number="67" hits="10" branch="False" />
            <line number="68" hits="10" branch="False" />
            <line number="70" hits="8" branch="True" condition-coverage="50% (1/2)">
              <conditions>
                <condition number="468" type="jump" coverage="50%" />
              </conditions>
            </line>
            <line number="71" hits="8" branch="False" />
            <line number="72" hits="8" branch="False" />
            <line number="74" hits="8" branch="False" />
            <line number="75" hits="8" branch="False" />
          </lines>
        </class>
        <class name="Recrd.Gherkin.Internal.GroupingClassifier" filename="Internal/GroupingClassifier.cs" line-rate="1" branch-rate="1" complexity="14">
          <methods>
            <method name="Classify" signature="(System.Collections.Generic.IReadOnlyList`1&lt;Recrd.Core.Ast.IStep&gt;)" line-rate="1" branch-rate="1" complexity="14">
              <lines>
                <line number="8" hits="23" branch="False" />
                <line number="10" hits="23" branch="False" />
                <line number="11" hits="76" branch="True" condition-coverage="100% (2/2)">
                  <conditions>
                    <condition number="66" type="jump" coverage="100%" />
                  </conditions>
                </line>
                <line number="12" hits="24" branch="False" />
                <line number="13" hits="24" branch="True" condition-coverage="100% (4/4)">
                  <conditions>
                    <condition number="24" type="jump" coverage="100%" />
                    <condition number="41" type="jump" coverage="100%" />
                  </conditions>
                </line>
                <line number="14" hits="9" branch="False" />
                <line number="15" hits="9" branch="False" />
                <line number="16" hits="9" branch="False" />
                <line number="18" hits="15" branch="False" />
                <line number="20" hits="23" branch="False" />
                <line number="21" hits="106" branch="True" condition-coverage="100% (2/2)">
                  <conditions>
                    <condition number="199" type="jump" coverage="100%" />
                  </conditions>
                </line>
                <line number="22" hits="30" branch="False" />
                <line number="23" hits="30" branch="False" />
                <line number="26" hits="30" branch="True" condition-coverage="100% (2/2)">
                  <conditions>
                    <condition number="110" type="jump" coverage="100%" />
                  </conditions>
                </line>
                <line number="27" hits="7" branch="False" />
                <line number="28" hits="7" branch="False" />
                <line number="29" hits="7" branch="False" />
                <line number="30" hits="23" branch="True" condition-coverage="100% (2/2)">
                  <conditions>
                    <condition number="127" type="jump" coverage="100%" />
                  </conditions>
                </line>
                <line number="31" hits="11" branch="False" />
                <line number="33" hits="11" branch="False" />
                <line number="34" hits="11" branch="False" />
                <line number="35" hits="12" branch="True" condition-coverage="100% (2/2)">
                  <conditions>
                    <condition number="148" type="jump" coverage="100%" />
                  </conditions>
                </line>
                <line number="36" hits="9" branch="False" />
                <line number="38" hits="9" branch="False" />
                <line number="39" hits="9" branch="False" />
                <line number="41" hits="3" branch="False" />
                <line number="43" hits="3" branch="False" />
                <line number="44" hits="3" branch="False" />
                <line number="46" hits="30" branch="False" />
                <line number="47" hits="30" branch="False" />
                <line number="49" hits="23" branch="False" />
                <line number="50" hits="23" branch="False" />
              </lines>
            </method>
          </methods>
          <lines>
            <line number="8" hits="23" branch="False" />
            <line number="10" hits="23" branch="False" />
            <line number="11" hits="76" branch="True" condition-coverage="100% (2/2)">
              <conditions>
                <condition number="66" type="jump" coverage="100%" />
              </conditions>
            </line>
            <line number="12" hits="24" branch="False" />
            <line number="13" hits="24" branch="True" condition-coverage="100% (4/4)">
              <conditions>
                <condition number="24" type="jump" coverage="100%" />
                <condition number="41" type="jump" coverage="100%" />
              </conditions>
            </line>
            <line number="14" hits="9" branch="False" />
            <line number="15" hits="9" branch="False" />
            <line number="16" hits="9" branch="False" />
            <line number="18" hits="15" branch="False" />
            <line number="20" hits="23" branch="False" />
            <line number="21" hits="106" branch="True" condition-coverage="100% (2/2)">
              <conditions>
                <condition number="199" type="jump" coverage="100%" />
              </conditions>
            </line>
            <line number="22" hits="30" branch="False" />
            <line number="23" hits="30" branch="False" />
            <line number="26" hits="30" branch="True" condition-coverage="100% (2/2)">
              <conditions>
                <condition number="110" type="jump" coverage="100%" />
              </conditions>
            </line>
            <line number="27" hits="7" branch="False" />
            <line number="28" hits="7" branch="False" />
            <line number="29" hits="7" branch="False" />
            <line number="30" hits="23" branch="True" condition-coverage="100% (2/2)">
              <conditions>
                <condition number="127" type="jump" coverage="100%" />
              </conditions>
            </line>
            <line number="31" hits="11" branch="False" />
            <line number="33" hits="11" branch="False" />
            <line number="34" hits="11" branch="False" />
            <line number="35" hits="12" branch="True" condition-coverage="100% (2/2)">
              <conditions>
                <condition number="148" type="jump" coverage="100%" />
              </conditions>
            </line>
            <line number="36" hits="9" branch="False" />
            <line number="38" hits="9" branch="False" />
            <line number="39" hits="9" branch="False" />
            <line number="41" hits="3" branch="False" />
            <line number="43" hits="3" branch="False" />
            <line number="44" hits="3" branch="False" />
            <line number="46" hits="30" branch="False" />
            <line number="47" hits="30" branch="False" />
            <line number="49" hits="23" branch="False" />
            <line number="50" hits="23" branch="False" />
          </lines>
        </class>
        <class name="Recrd.Gherkin.Internal.StepTextRenderer" filename="Internal/StepTextRenderer.cs" line-rate="0.8" branch-rate="0.5714" complexity="35">
          <methods>
            <method name="Render" signature="(Recrd.Core.Ast.IStep)" line-rate="0.8332999999999999" branch-rate="0.75" complexity="4">
              <lines>
                <line number="8" hits="95" branch="True" condition-coverage="75% (3/4)">
                  <conditions>
                    <condition number="12" type="jump" coverage="100%" />
                    <condition number="22" type="jump" coverage="50%" />
                  </conditions>
                </line>
                <line number="9" hits="95" branch="False" />
                <line number="10" hits="75" branch="False" />
                <line number="11" hits="20" branch="False" />
                <line number="12" hits="0" branch="False" />
                <line number="13" hits="95" branch="False" />
              </lines>
            </method>
            <method name="BestSelectorValue" signature="(Recrd.Core.Ast.Selector)" line-rate="0.6315" branch-rate="0.25" complexity="8">
              <lines>
                <line number="16" hits="71" branch="False" />
                <line number="17" hits="71" branch="False" />
                <line number="18" hits="71" branch="False" />
                <line number="19" hits="71" branch="False" />
                <line number="20" hits="71" branch="False" />
                <line number="21" hits="71" branch="False" />
                <line number="22" hits="71" branch="False" />
                <line number="24" hits="284" branch="True" condition-coverage="50% (1/2)">
                  <conditions>
                    <condition number="63" type="jump" coverage="50%" />
                  </conditions>
                </line>
                <line number="25" hits="71" branch="False" />
                <line number="26" hits="71" branch="True" condition-coverage="50% (1/2)">
                  <conditions>
                    <condition number="46" type="jump" coverage="50%" />
                  </conditions>
                </line>
                <line number="27" hits="71" branch="False" />
                <line number="28" hits="0" branch="False" />
                <line number="30" hits="0" branch="True" condition-coverage="0% (0/2)">
                  <conditions>
                    <condition number="126" type="jump" coverage="0%" />
                  </conditions>
                </line>
                <line number="31" hits="0" branch="False" />
                <line number="32" hits="0" branch="True" condition-coverage="0% (0/2)">
                  <conditions>
                    <condition number="110" type="jump" coverage="0%" />
                  </conditions>
                </line>
                <line number="33" hits="0" branch="False" />
                <line number="34" hits="0" branch="False" />
                <line number="36" hits="0" branch="False" />
                <line number="37" hits="71" branch="False" />
              </lines>
            </method>
            <method name="RenderAction" signature="(Recrd.Core.Ast.ActionStep)" line-rate="0.875" branch-rate="0.5882000000000001" complexity="17">
              <lines>
                <line number="40" hits="75" branch="True" condition-coverage="71.42% (5/7)">
                  <conditions>
                    <condition number="12" type="switch" coverage="71.42%" />
                  </conditions>
                </line>
                <line number="41" hits="75" branch="False" />
                <line number="42" hits="75" branch="False" />
                <line number="43" hits="23" branch="True" condition-coverage="50% (2/4)">
                  <conditions>
                    <condition number="68" type="jump" coverage="50%" />
                    <condition number="88" type="jump" coverage="50%" />
                  </conditions>
                </line>
                <line number="44" hits="75" branch="False" />
                <line number="45" hits="17" branch="False" />
                <line number="46" hits="75" branch="False" />
                <line number="47" hits="33" branch="False" />
                <line number="48" hits="75" branch="False" />
                <line number="49" hits="0" branch="False" />
                <line number="50" hits="75" branch="False" />
                <line number="51" hits="1" branch="True" condition-coverage="50% (2/4)">
                  <conditions>
                    <condition number="402" type="jump" coverage="50%" />
                    <condition number="422" type="jump" coverage="50%" />
                  </conditions>
                </line>
                <line number="52" hits="75" branch="False" />
                <line number="53" hits="1" branch="True" condition-coverage="50% (1/2)">
                  <conditions>
                    <condition number="568" type="jump" coverage="50%" />
                  </conditions>
                </line>
                <line number="54" hits="0" branch="False" />
                <line number="55" hits="75" branch="False" />
              </lines>
            </method>
            <method name="RenderAssertion" signature="(Recrd.Core.Ast.AssertionStep)" line-rate="0.9285" branch-rate="0.8332999999999999" complexity="6">
              <lines>
                <line number="58" hits="20" branch="True" condition-coverage="83.33% (5/6)">
                  <conditions>
                    <condition number="12" type="switch" coverage="83.33%" />
                  </conditions>
                </line>
                <line number="59" hits="20" branch="False" />
                <line number="60" hits="20" branch="False" />
                <line number="61" hits="1" branch="False" />
                <line number="62" hits="20" branch="False" />
                <line number="63" hits="1" branch="False" />
                <line number="64" hits="20" branch="False" />
                <line number="65" hits="16" branch="False" />
                <line number="66" hits="20" branch="False" />
                <line number="67" hits="1" branch="False" />
                <line number="68" hits="20" branch="False" />
                <line number="69" hits="1" branch="False" />
                <line number="70" hits="0" branch="False" />
                <line number="71" hits="20" branch="False" />
              </lines>
            </method>
          </methods>
          <lines>
            <line number="8" hits="95" branch="True" condition-coverage="75% (3/4)">
              <conditions>
                <condition number="12" type="jump" coverage="100%" />
                <condition number="22" type="jump" coverage="50%" />
              </conditions>
            </line>
            <line number="9" hits="95" branch="False" />
            <line number="10" hits="75" branch="False" />
            <line number="11" hits="20" branch="False" />
            <line number="12" hits="0" branch="False" />
            <line number="13" hits="95" branch="False" />
            <line number="16" hits="71" branch="False" />
            <line number="17" hits="71" branch="False" />
            <line number="18" hits="71" branch="False" />
            <line number="19" hits="71" branch="False" />
            <line number="20" hits="71" branch="False" />
            <line number="21" hits="71" branch="False" />
            <line number="22" hits="71" branch="False" />
            <line number="24" hits="284" branch="True" condition-coverage="50% (1/2)">
              <conditions>
                <condition number="63" type="jump" coverage="50%" />
              </conditions>
            </line>
            <line number="25" hits="71" branch="False" />
            <line number="26" hits="71" branch="True" condition-coverage="50% (1/2)">
              <conditions>
                <condition number="46" type="jump" coverage="50%" />
              </conditions>
            </line>
            <line number="27" hits="71" branch="False" />
            <line number="28" hits="0" branch="False" />
            <line number="30" hits="0" branch="True" condition-coverage="0% (0/2)">
              <conditions>
                <condition number="126" type="jump" coverage="0%" />
              </conditions>
            </line>
            <line number="31" hits="0" branch="False" />
            <line number="32" hits="0" branch="True" condition-coverage="0% (0/2)">
              <conditions>
                <condition number="110" type="jump" coverage="0%" />
              </conditions>
            </line>
            <line number="33" hits="0" branch="False" />
            <line number="34" hits="0" branch="False" />
            <line number="36" hits="0" branch="False" />
            <line number="37" hits="71" branch="False" />
            <line number="40" hits="75" branch="True" condition-coverage="71.42% (5/7)">
              <conditions>
                <condition number="12" type="switch" coverage="71.42%" />
              </conditions>
            </line>
            <line number="41" hits="75" branch="False" />
            <line number="42" hits="75" branch="False" />
            <line number="43" hits="23" branch="True" condition-coverage="50% (2/4)">
              <conditions>
                <condition number="68" type="jump" coverage="50%" />
                <condition number="88" type="jump" coverage="50%" />
              </conditions>
            </line>
            <line number="44" hits="75" branch="False" />
            <line number="45" hits="17" branch="False" />
            <line number="46" hits="75" branch="False" />
            <line number="47" hits="33" branch="False" />
            <line number="48" hits="75" branch="False" />
            <line number="49" hits="0" branch="False" />
            <line number="50" hits="75" branch="False" />
            <line number="51" hits="1" branch="True" condition-coverage="50% (2/4)">
              <conditions>
                <condition number="402" type="jump" coverage="50%" />
                <condition number="422" type="jump" coverage="50%" />
              </conditions>
            </line>
            <line number="52" hits="75" branch="False" />
            <line number="53" hits="1" branch="True" condition-coverage="50% (1/2)">
              <conditions>
                <condition number="568" type="jump" coverage="50%" />
              </conditions>
            </line>
            <line number="54" hits="0" branch="False" />
            <line number="55" hits="75" branch="False" />
            <line number="58" hits="20" branch="True" condition-coverage="83.33% (5/6)">
              <conditions>
                <condition number="12" type="switch" coverage="83.33%" />
              </conditions>
            </line>
            <line number="59" hits="20" branch="False" />
            <line number="60" hits="20" branch="False" />
            <line number="61" hits="1" branch="False" />
            <line number="62" hits="20" branch="False" />
            <line number="63" hits="1" branch="False" />
            <line number="64" hits="20" branch="False" />
            <line number="65" hits="16" branch="False" />
            <line number="66" hits="20" branch="False" />
            <line number="67" hits="1" branch="False" />
            <line number="68" hits="20" branch="False" />
            <line number="69" hits="1" branch="False" />
            <line number="70" hits="0" branch="False" />
            <line number="71" hits="20" branch="False" />
          </lines>
        </class>
      </classes>
    </package>
  </packages>
</coverage>