<?xml version="1.0" encoding="utf-8"?>
<coverage line-rate="0.9852" branch-rate="0.6136" version="1.9" timestamp="1774996906" lines-covered="134" lines-valid="136" branches-covered="27" branches-valid="44">
  <sources>
    <source>/home/gil/dev/recrd/packages/Recrd.Core/</source>
  </sources>
  <packages>
    <package name="Recrd.Core" line-rate="0.9852" branch-rate="0.6136" complexity="88">
      <classes>
        <class name="Recrd.Core.Pipeline.RecordedEvent" filename="Pipeline/RecordedEvent.cs" line-rate="1" branch-rate="0.5" complexity="12">
          <methods>
            <method name="get_Id" signature="()" line-rate="1" branch-rate="1" complexity="1">
              <lines>
                <line number="7" hits="3" branch="False" />
              </lines>
            </method>
            <method name="get_TimestampMs" signature="()" line-rate="1" branch-rate="1" complexity="1">
              <lines>
                <line number="8" hits="1" branch="False" />
              </lines>
            </method>
            <method name="get_EventType" signature="()" line-rate="1" branch-rate="1" complexity="1">
              <lines>
                <line number="9" hits="1" branch="False" />
              </lines>
            </method>
            <method name="get_Selectors" signature="()" line-rate="1" branch-rate="1" complexity="1">
              <lines>
                <line number="10" hits="1" branch="False" />
              </lines>
            </method>
            <method name="get_Payload" signature="()" line-rate="1" branch-rate="1" complexity="1">
              <lines>
                <line number="11" hits="1" branch="False" />
              </lines>
            </method>
            <method name="get_DataVariable" signature="()" line-rate="1" branch-rate="1" complexity="1">
              <lines>
                <line number="12" hits="10" branch="False" />
              </lines>
            </method>
            <method name=".ctor" signature="(System.String,System.Int64,Recrd.Core.Pipeline.RecordedEventType,System.Collections.Generic.IReadOnlyList`1&lt;Recrd.Core.Ast.Selector&gt;,System.Collections.Generic.IReadOnlyDictionary`2&lt;System.String,System.String&gt;,System.String)" line-rate="1" branch-rate="0.5" complexity="6">
              <lines>
                <line number="14" hits="9" branch="False" />
                <line number="15" hits="9" branch="False" />
                <line number="16" hits="9" branch="False" />
                <line number="17" hits="9" branch="False" />
                <line number="18" hits="9" branch="False" />
                <line number="19" hits="9" branch="False" />
                <line number="20" hits="9" branch="False" />
                <line number="21" hits="9" branch="False" />
                <line number="22" hits="9" branch="True" condition-coverage="50% (1/2)">
                  <conditions>
                    <condition number="11" type="jump" coverage="50%" />
                  </conditions>
                </line>
                <line number="23" hits="9" branch="False" />
                <line number="24" hits="9" branch="False" />
                <line number="25" hits="9" branch="True" condition-coverage="50% (1/2)">
                  <conditions>
                    <condition number="48" type="jump" coverage="50%" />
                  </conditions>
                </line>
                <line number="26" hits="9" branch="True" condition-coverage="50% (1/2)">
                  <conditions>
                    <condition number="71" type="jump" coverage="50%" />
                  </conditions>
                </line>
                <line number="27" hits="9" branch="False" />
                <line number="28" hits="9" branch="False" />
              </lines>
            </method>
          </methods>
          <lines>
            <line number="7" hits="3" branch="False" />
            <line number="8" hits="1" branch="False" />
            <line number="9" hits="1" branch="False" />
            <line number="10" hits="1" branch="False" />
            <line number="11" hits="1" branch="False" />
            <line number="12" hits="10" branch="False" />
            <line number="14" hits="9" branch="False" />
            <line number="15" hits="9" branch="False" />
            <line number="16" hits="9" branch="False" />
            <line number="17" hits="9" branch="False" />
            <line number="18" hits="9" branch="False" />
            <line number="19" hits="9" branch="False" />
            <line number="20" hits="9" branch="False" />
            <line number="21" hits="9" branch="False" />
            <line number="22" hits="9" branch="True" condition-coverage="50% (1/2)">
              <conditions>
                <condition number="11" type="jump" coverage="50%" />
              </conditions>
            </line>
            <line number="23" hits="9" branch="False" />
            <line number="24" hits="9" branch="False" />
            <line number="25" hits="9" branch="True" condition-coverage="50% (1/2)">
              <conditions>
                <condition number="48" type="jump" coverage="50%" />
              </conditions>
            </line>
            <line number="26" hits="9" branch="True" condition-coverage="50% (1/2)">
              <conditions>
                <condition number="71" type="jump" coverage="50%" />
              </conditions>
            </line>
            <line number="27" hits="9" branch="False" />
            <line number="28" hits="9" branch="False" />
          </lines>
        </class>
        <class name="Recrd.Core.Pipeline.RecordingChannel" filename="Pipeline/RecordingChannel.cs" line-rate="0.92" branch-rate="0.75" complexity="8">
          <methods>
            <method name="WriteAsync" signature="(Recrd.Core.Pipeline.RecordedEvent,System.Threading.CancellationToken)" line-rate="1" branch-rate="1" complexity="1">
              <lines>
                <line number="26" hits="8" branch="False" />
                <line number="27" hits="8" branch="False" />
                <line number="28" hits="8" branch="False" />
                <line number="29" hits="8" branch="False" />
              </lines>
            </method>
            <method name="ReadAllAsync" signature="(System.Threading.CancellationToken)" line-rate="1" branch-rate="1" complexity="1">
              <lines>
                <line number="32" hits="5" branch="False" />
              </lines>
            </method>
            <method name="Complete" signature="()" line-rate="1" branch-rate="1" complexity="1">
              <lines>
                <line number="35" hits="3" branch="False" />
              </lines>
            </method>
            <method name="Cancel" signature="(System.Exception)" line-rate="1" branch-rate="1" complexity="2">
              <lines>
                <line number="38" hits="1" branch="False" />
                <line number="39" hits="1" branch="False" />
                <line number="40" hits="1" branch="True" condition-coverage="100% (2/2)">
                  <conditions>
                    <condition number="26" type="jump" coverage="100%" />
                  </conditions>
                </line>
                <line number="41" hits="1" branch="False" />
              </lines>
            </method>
            <method name="Dispose" signature="()" line-rate="0" branch-rate="1" complexity="1">
              <lines>
                <line number="44" hits="0" branch="False" />
              </lines>
            </method>
            <method name=".ctor" signature="(System.Int32)" line-rate="0.9285" branch-rate="0.5" complexity="2">
              <lines>
                <line number="8" hits="5" branch="False" />
                <line number="10" hits="5" branch="False" />
                <line number="11" hits="5" branch="False" />
                <line number="12" hits="5" branch="True" condition-coverage="50% (1/2)">
                  <conditions>
                    <condition number="28" type="jump" coverage="50%" />
                  </conditions>
                </line>
                <line number="13" hits="0" branch="False" />
                <line number="15" hits="5" branch="False" />
                <line number="16" hits="5" branch="False" />
                <line number="17" hits="5" branch="False" />
                <line number="18" hits="5" branch="False" />
                <line number="19" hits="5" branch="False" />
                <line number="20" hits="5" branch="False" />
                <line number="21" hits="5" branch="False" />
                <line number="22" hits="5" branch="False" />
                <line number="23" hits="5" branch="False" />
              </lines>
            </method>
          </methods>
          <lines>
            <line number="26" hits="8" branch="False" />
            <line number="27" hits="8" branch="False" />
            <line number="28" hits="8" branch="False" />
            <line number="29" hits="8" branch="False" />
            <line number="32" hits="5" branch="False" />
            <line number="35" hits="3" branch="False" />
            <line number="38" hits="1" branch="False" />
            <line number="39" hits="1" branch="False" />
            <line number="40" hits="1" branch="True" condition-coverage="100% (2/2)">
              <conditions>
                <condition number="26" type="jump" coverage="100%" />
              </conditions>
            </line>
            <line number="41" hits="1" branch="False" />
            <line number="44" hits="0" branch="False" />
            <line number="8" hits="5" branch="False" />
            <line number="10" hits="5" branch="False" />
            <line number="11" hits="5" branch="False" />
            <line number="12" hits="5" branch="True" condition-coverage="50% (1/2)">
              <conditions>
                <condition number="28" type="jump" coverage="50%" />
              </conditions>
            </line>
            <line number="13" hits="0" branch="False" />
            <line number="15" hits="5" branch="False" />
            <line number="16" hits="5" branch="False" />
            <line number="17" hits="5" branch="False" />
            <line number="18" hits="5" branch="False" />
            <line number="19" hits="5" branch="False" />
            <line number="20" hits="5" branch="False" />
            <line number="21" hits="5" branch="False" />
            <line number="22" hits="5" branch="False" />
            <line number="23" hits="5" branch="False" />
          </lines>
        </class>
        <class name="Recrd.Core.Interfaces.CompilationResult" filename="Interfaces/CompilationResult.cs" line-rate="1" branch-rate="1" complexity="9">
          <methods>
            <method name="get_GeneratedFiles" signature="()" line-rate="1" branch-rate="1" complexity="1">
              <lines>
                <line number="5" hits="1" branch="False" />
              </lines>
            </method>
            <method name="get_Warnings" signature="()" line-rate="1" branch-rate="1" complexity="1">
              <lines>
                <line number="6" hits="1" branch="False" />
              </lines>
            </method>
            <method name="get_DependencyManifest" signature="()" line-rate="1" branch-rate="1" complexity="1">
              <lines>
                <line number="7" hits="1" branch="False" />
              </lines>
            </method>
            <method name=".ctor" signature="(System.Collections.Generic.IReadOnlyList`1&lt;System.String&gt;,System.Collections.Generic.IReadOnlyList`1&lt;System.String&gt;,System.Collections.Generic.IReadOnlyDictionary`2&lt;System.String,System.String&gt;)" line-rate="1" branch-rate="1" complexity="6">
              <lines>
                <line number="9" hits="4" branch="False" />
                <line number="10" hits="4" branch="False" />
                <line number="11" hits="4" branch="False" />
                <line number="12" hits="4" branch="False" />
                <line number="13" hits="4" branch="False" />
                <line number="14" hits="4" branch="True" condition-coverage="100% (2/2)">
                  <conditions>
                    <condition number="11" type="jump" coverage="100%" />
                  </conditions>
                </line>
                <line number="15" hits="3" branch="True" condition-coverage="100% (2/2)">
                  <conditions>
                    <condition number="33" type="jump" coverage="100%" />
                  </conditions>
                </line>
                <line number="16" hits="2" branch="True" condition-coverage="100% (2/2)">
                  <conditions>
                    <condition number="55" type="jump" coverage="100%" />
                  </conditions>
                </line>
                <line number="17" hits="1" branch="False" />
              </lines>
            </method>
          </methods>
          <lines>
            <line number="5" hits="1" branch="False" />
            <line number="6" hits="1" branch="False" />
            <line number="7" hits="1" branch="False" />
            <line number="9" hits="4" branch="False" />
            <line number="10" hits="4" branch="False" />
            <line number="11" hits="4" branch="False" />
            <line number="12" hits="4" branch="False" />
            <line number="13" hits="4" branch="False" />
            <line number="14" hits="4" branch="True" condition-coverage="100% (2/2)">
              <conditions>
                <condition number="11" type="jump" coverage="100%" />
              </conditions>
            </line>
            <line number="15" hits="3" branch="True" condition-coverage="100% (2/2)">
              <conditions>
                <condition number="33" type="jump" coverage="100%" />
              </conditions>
            </line>
            <line number="16" hits="2" branch="True" condition-coverage="100% (2/2)">
              <conditions>
                <condition number="55" type="jump" coverage="100%" />
              </conditions>
            </line>
            <line number="17" hits="1" branch="False" />
          </lines>
        </class>
        <class name="Recrd.Core.Interfaces.CompilerOptions" filename="Interfaces/CompilerOptions.cs" line-rate="1" branch-rate="1" complexity="3">
          <methods>
            <method name="get_OutputDirectory" signature="()" line-rate="1" branch-rate="1" complexity="1">
              <lines>
                <line number="7" hits="2" branch="False" />
              </lines>
            </method>
            <method name="get_PreferredSelectorStrategy" signature="()" line-rate="1" branch-rate="1" complexity="1">
              <lines>
                <line number="8" hits="2" branch="False" />
              </lines>
            </method>
            <method name="get_TimeoutSeconds" signature="()" line-rate="1" branch-rate="1" complexity="1">
              <lines>
                <line number="9" hits="2" branch="False" />
              </lines>
            </method>
          </methods>
          <lines>
            <line number="7" hits="2" branch="False" />
            <line number="8" hits="2" branch="False" />
            <line number="9" hits="2" branch="False" />
          </lines>
        </class>
        <class name="Recrd.Core.Interfaces.RecorderOptions" filename="Interfaces/RecorderOptions.cs" line-rate="1" branch-rate="1" complexity="6">
          <methods>
            <method name="get_BrowserEngine" signature="()" line-rate="1" branch-rate="1" complexity="1">
              <lines>
                <line number="7" hits="2" branch="False" />
              </lines>
            </method>
            <method name="get_Headed" signature="()" line-rate="1" branch-rate="1" complexity="1">
              <lines>
                <line number="8" hits="2" branch="False" />
              </lines>
            </method>
            <method name="get_ViewportSize" signature="()" line-rate="1" branch-rate="1" complexity="1">
              <lines>
                <line number="9" hits="3" branch="False" />
              </lines>
            </method>
            <method name="get_BaseUrl" signature="()" line-rate="1" branch-rate="1" complexity="1">
              <lines>
                <line number="10" hits="1" branch="False" />
              </lines>
            </method>
            <method name="get_OutputDirectory" signature="()" line-rate="1" branch-rate="1" complexity="1">
              <lines>
                <line number="11" hits="2" branch="False" />
              </lines>
            </method>
            <method name="get_SnapshotInterval" signature="()" line-rate="1" branch-rate="1" complexity="1">
              <lines>
                <line number="12" hits="2" branch="False" />
              </lines>
            </method>
          </methods>
          <lines>
            <line number="7" hits="2" branch="False" />
            <line number="8" hits="2" branch="False" />
            <line number="9" hits="3" branch="False" />
            <line number="10" hits="1" branch="False" />
            <line number="11" hits="2" branch="False" />
            <line number="12" hits="2" branch="False" />
          </lines>
        </class>
        <class name="Recrd.Core.Ast.ActionStep" filename="Ast/ActionStep.cs" line-rate="1" branch-rate="0.5" complexity="7">
          <methods>
            <method name="get_ActionType" signature="()" line-rate="1" branch-rate="1" complexity="1">
              <lines>
                <line number="5" hits="9" branch="False" />
              </lines>
            </method>
            <method name="get_Selector" signature="()" line-rate="1" branch-rate="1" complexity="1">
              <lines>
                <line number="6" hits="3" branch="False" />
              </lines>
            </method>
            <method name="get_Payload" signature="()" line-rate="1" branch-rate="1" complexity="1">
              <lines>
                <line number="7" hits="3" branch="False" />
              </lines>
            </method>
            <method name=".ctor" signature="(Recrd.Core.Ast.ActionType,Recrd.Core.Ast.Selector,System.Collections.Generic.IReadOnlyDictionary`2&lt;System.String,System.String&gt;)" line-rate="1" branch-rate="0.5" complexity="4">
              <lines>
                <line number="9" hits="12" branch="False" />
                <line number="10" hits="12" branch="False" />
                <line number="11" hits="12" branch="False" />
                <line number="12" hits="12" branch="True" condition-coverage="50% (1/2)">
                  <conditions>
                    <condition number="18" type="jump" coverage="50%" />
                  </conditions>
                </line>
                <line number="13" hits="12" branch="True" condition-coverage="50% (1/2)">
                  <conditions>
                    <condition number="40" type="jump" coverage="50%" />
                  </conditions>
                </line>
                <line number="14" hits="12" branch="False" />
              </lines>
            </method>
          </methods>
          <lines>
            <line number="5" hits="9" branch="False" />
            <line number="6" hits="3" branch="False" />
            <line number="7" hits="3" branch="False" />
            <line number="9" hits="12" branch="False" />
            <line number="10" hits="12" branch="False" />
            <line number="11" hits="12" branch="False" />
            <line number="12" hits="12" branch="True" condition-coverage="50% (1/2)">
              <conditions>
                <condition number="18" type="jump" coverage="50%" />
              </conditions>
            </line>
            <line number="13" hits="12" branch="True" condition-coverage="50% (1/2)">
              <conditions>
                <condition number="40" type="jump" coverage="50%" />
              </conditions>
            </line>
            <line number="14" hits="12" branch="False" />
          </lines>
        </class>
        <class name="Recrd.Core.Ast.AssertionStep" filename="Ast/AssertionStep.cs" line-rate="1" branch-rate="0.5" complexity="7">
          <methods>
            <method name="get_AssertionType" signature="()" line-rate="1" branch-rate="1" complexity="1">
              <lines>
                <line number="5" hits="6" branch="False" />
              </lines>
            </method>
            <method name="get_Selector" signature="()" line-rate="1" branch-rate="1" complexity="1">
              <lines>
                <line number="6" hits="1" branch="False" />
              </lines>
            </method>
            <method name="get_Payload" signature="()" line-rate="1" branch-rate="1" complexity="1">
              <lines>
                <line number="7" hits="1" branch="False" />
              </lines>
            </method>
            <method name=".ctor" signature="(Recrd.Core.Ast.AssertionType,Recrd.Core.Ast.Selector,System.Collections.Generic.IReadOnlyDictionary`2&lt;System.String,System.String&gt;)" line-rate="1" branch-rate="0.5" complexity="4">
              <lines>
                <line number="9" hits="7" branch="False" />
                <line number="10" hits="7" branch="False" />
                <line number="11" hits="7" branch="False" />
                <line number="12" hits="7" branch="True" condition-coverage="50% (1/2)">
                  <conditions>
                    <condition number="18" type="jump" coverage="50%" />
                  </conditions>
                </line>
                <line number="13" hits="7" branch="True" condition-coverage="50% (1/2)">
                  <conditions>
                    <condition number="40" type="jump" coverage="50%" />
                  </conditions>
                </line>
                <line number="14" hits="7" branch="False" />
              </lines>
            </method>
          </methods>
          <lines>
            <line number="5" hits="6" branch="False" />
            <line number="6" hits="1" branch="False" />
            <line number="7" hits="1" branch="False" />
            <line number="9" hits="7" branch="False" />
            <line number="10" hits="7" branch="False" />
            <line number="11" hits="7" branch="False" />
            <line number="12" hits="7" branch="True" condition-coverage="50% (1/2)">
              <conditions>
                <condition number="18" type="jump" coverage="50%" />
              </conditions>
            </line>
            <line number="13" hits="7" branch="True" condition-coverage="50% (1/2)">
              <conditions>
                <condition number="40" type="jump" coverage="50%" />
              </conditions>
            </line>
            <line number="14" hits="7" branch="False" />
          </lines>
        </class>
        <class name="Recrd.Core.Ast.GroupStep" filename="Ast/GroupStep.cs" line-rate="1" branch-rate="0.5" complexity="4">
          <methods>
            <method name="get_GroupType" signature="()" line-rate="1" branch-rate="1" complexity="1">
              <lines>
                <line number="5" hits="5" branch="False" />
              </lines>
            </method>
            <method name="get_Steps" signature="()" line-rate="1" branch-rate="1" complexity="1">
              <lines>
                <line number="6" hits="2" branch="False" />
              </lines>
            </method>
            <method name=".ctor" signature="(Recrd.Core.Ast.GroupType,System.Collections.Generic.IReadOnlyList`1&lt;Recrd.Core.Ast.IStep&gt;)" line-rate="1" branch-rate="0.5" complexity="2">
              <lines>
                <line number="8" hits="6" branch="False" />
                <line number="9" hits="6" branch="False" />
                <line number="10" hits="6" branch="False" />
                <line number="11" hits="6" branch="True" condition-coverage="50% (1/2)">
                  <conditions>
                    <condition number="18" type="jump" coverage="50%" />
                  </conditions>
                </line>
                <line number="12" hits="6" branch="False" />
              </lines>
            </method>
          </methods>
          <lines>
            <line number="5" hits="5" branch="False" />
            <line number="6" hits="2" branch="False" />
            <line number="8" hits="6" branch="False" />
            <line number="9" hits="6" branch="False" />
            <line number="10" hits="6" branch="False" />
            <line number="11" hits="6" branch="True" condition-coverage="50% (1/2)">
              <conditions>
                <condition number="18" type="jump" coverage="50%" />
              </conditions>
            </line>
            <line number="12" hits="6" branch="False" />
          </lines>
        </class>
        <class name="Recrd.Core.Ast.Selector" filename="Ast/Selector.cs" line-rate="1" branch-rate="0.5" complexity="6">
          <methods>
            <method name="get_Strategies" signature="()" line-rate="1" branch-rate="1" complexity="1">
              <lines>
                <line number="9" hits="7" branch="False" />
              </lines>
            </method>
            <method name="get_Values" signature="()" line-rate="1" branch-rate="1" complexity="1">
              <lines>
                <line number="10" hits="4" branch="False" />
              </lines>
            </method>
            <method name=".ctor" signature="(System.Collections.Generic.IReadOnlyList`1&lt;Recrd.Core.Ast.SelectorStrategy&gt;,System.Collections.Generic.IReadOnlyDictionary`2&lt;Recrd.Core.Ast.SelectorStrategy,System.String&gt;)" line-rate="1" branch-rate="0.5" complexity="4">
              <lines>
                <line number="12" hits="28" branch="False" />
                <line number="13" hits="28" branch="False" />
                <line number="14" hits="28" branch="True" condition-coverage="50% (1/2)">
                  <conditions>
                    <condition number="11" type="jump" coverage="50%" />
                  </conditions>
                </line>
                <line number="15" hits="28" branch="True" condition-coverage="50% (1/2)">
                  <conditions>
                    <condition number="33" type="jump" coverage="50%" />
                  </conditions>
                </line>
                <line number="16" hits="28" branch="False" />
              </lines>
            </method>
          </methods>
          <lines>
            <line number="9" hits="7" branch="False" />
            <line number="10" hits="4" branch="False" />
            <line number="12" hits="28" branch="False" />
            <line number="13" hits="28" branch="False" />
            <line number="14" hits="28" branch="True" condition-coverage="50% (1/2)">
              <conditions>
                <condition number="11" type="jump" coverage="50%" />
              </conditions>
            </line>
            <line number="15" hits="28" branch="True" condition-coverage="50% (1/2)">
              <conditions>
                <condition number="33" type="jump" coverage="50%" />
              </conditions>
            </line>
            <line number="16" hits="28" branch="False" />
          </lines>
        </class>
        <class name="Recrd.Core.Ast.Session" filename="Ast/Session.cs" line-rate="1" branch-rate="0.5" complexity="10">
          <methods>
            <method name="get_SchemaVersion" signature="()" line-rate="1" branch-rate="1" complexity="1">
              <lines>
                <line number="5" hits="5" branch="False" />
              </lines>
            </method>
            <method name="get_Metadata" signature="()" line-rate="1" branch-rate="1" complexity="1">
              <lines>
                <line number="6" hits="9" branch="False" />
              </lines>
            </method>
            <method name="get_Variables" signature="()" line-rate="1" branch-rate="1" complexity="1">
              <lines>
                <line number="7" hits="8" branch="False" />
              </lines>
            </method>
            <method name="get_Steps" signature="()" line-rate="1" branch-rate="1" complexity="1">
              <lines>
                <line number="8" hits="9" branch="False" />
              </lines>
            </method>
            <method name=".ctor" signature="(System.Int32,Recrd.Core.Ast.SessionMetadata,System.Collections.Generic.IReadOnlyList`1&lt;Recrd.Core.Ast.Variable&gt;,System.Collections.Generic.IReadOnlyList`1&lt;Recrd.Core.Ast.IStep&gt;)" line-rate="1" branch-rate="0.5" complexity="6">
              <lines>
                <line number="10" hits="7" branch="False" />
                <line number="11" hits="7" branch="False" />
                <line number="12" hits="7" branch="False" />
                <line number="13" hits="7" branch="True" condition-coverage="50% (1/2)">
                  <conditions>
                    <condition number="18" type="jump" coverage="50%" />
                  </conditions>
                </line>
                <line number="14" hits="7" branch="True" condition-coverage="50% (1/2)">
                  <conditions>
                    <condition number="40" type="jump" coverage="50%" />
                  </conditions>
                </line>
                <line number="15" hits="7" branch="True" condition-coverage="50% (1/2)">
                  <conditions>
                    <condition number="63" type="jump" coverage="50%" />
                  </conditions>
                </line>
                <line number="16" hits="7" branch="False" />
              </lines>
            </method>
          </methods>
          <lines>
            <line number="5" hits="5" branch="False" />
            <line number="6" hits="9" branch="False" />
            <line number="7" hits="8" branch="False" />
            <line number="8" hits="9" branch="False" />
            <line number="10" hits="7" branch="False" />
            <line number="11" hits="7" branch="False" />
            <line number="12" hits="7" branch="False" />
            <line number="13" hits="7" branch="True" condition-coverage="50% (1/2)">
              <conditions>
                <condition number="18" type="jump" coverage="50%" />
              </conditions>
            </line>
            <line number="14" hits="7" branch="True" condition-coverage="50% (1/2)">
              <conditions>
                <condition number="40" type="jump" coverage="50%" />
              </conditions>
            </line>
            <line number="15" hits="7" branch="True" condition-coverage="50% (1/2)">
              <conditions>
                <condition number="63" type="jump" coverage="50%" />
              </conditions>
            </line>
            <line number="16" hits="7" branch="False" />
          </lines>
        </class>
        <class name="Recrd.Core.Ast.SessionMetadata" filename="Ast/SessionMetadata.cs" line-rate="1" branch-rate="0.5" complexity="11">
          <methods>
            <method name="get_Id" signature="()" line-rate="1" branch-rate="1" complexity="1">
              <lines>
                <line number="5" hits="5" branch="False" />
              </lines>
            </method>
            <method name="get_CreatedAt" signature="()" line-rate="1" branch-rate="1" complexity="1">
              <lines>
                <line number="6" hits="4" branch="False" />
              </lines>
            </method>
            <method name="get_BrowserEngine" signature="()" line-rate="1" branch-rate="1" complexity="1">
              <lines>
                <line number="7" hits="5" branch="False" />
              </lines>
            </method>
            <method name="get_ViewportSize" signature="()" line-rate="1" branch-rate="1" complexity="1">
              <lines>
                <line number="8" hits="6" branch="False" />
              </lines>
            </method>
            <method name="get_BaseUrl" signature="()" line-rate="1" branch-rate="1" complexity="1">
              <lines>
                <line number="9" hits="12" branch="False" />
              </lines>
            </method>
            <method name=".ctor" signature="(System.String,System.DateTimeOffset,System.String,Recrd.Core.Ast.ViewportSize,System.String)" line-rate="1" branch-rate="0.5" complexity="6">
              <lines>
                <line number="11" hits="7" branch="False" />
                <line number="12" hits="7" branch="False" />
                <line number="13" hits="7" branch="True" condition-coverage="50% (1/2)">
                  <conditions>
                    <condition number="11" type="jump" coverage="50%" />
                  </conditions>
                </line>
                <line number="14" hits="7" branch="False" />
                <line number="15" hits="7" branch="True" condition-coverage="50% (1/2)">
                  <conditions>
                    <condition number="40" type="jump" coverage="50%" />
                  </conditions>
                </line>
                <line number="16" hits="7" branch="True" condition-coverage="50% (1/2)">
                  <conditions>
                    <condition number="63" type="jump" coverage="50%" />
                  </conditions>
                </line>
                <line number="17" hits="7" branch="False" />
                <line number="18" hits="7" branch="False" />
              </lines>
            </method>
          </methods>
          <lines>
            <line number="5" hits="5" branch="False" />
            <line number="6" hits="4" branch="False" />
            <line number="7" hits="5" branch="False" />
            <line number="8" hits="6" branch="False" />
            <line number="9" hits="12" branch="False" />
            <line number="11" hits="7" branch="False" />
            <line number="12" hits="7" branch="False" />
            <line number="13" hits="7" branch="True" condition-coverage="50% (1/2)">
              <conditions>
                <condition number="11" type="jump" coverage="50%" />
              </conditions>
            </line>
            <line number="14" hits="7" branch="False" />
            <line number="15" hits="7" branch="True" condition-coverage="50% (1/2)">
              <conditions>
                <condition number="40" type="jump" coverage="50%" />
              </conditions>
            </line>
            <line number="16" hits="7" branch="True" condition-coverage="50% (1/2)">
              <conditions>
                <condition number="63" type="jump" coverage="50%" />
              </conditions>
            </line>
            <line number="17" hits="7" branch="False" />
            <line number="18" hits="7" branch="False" />
          </lines>
        </class>
        <class name="Recrd.Core.Ast.Variable" filename="Ast/Variable.cs" line-rate="1" branch-rate="1" complexity="4">
          <methods>
            <method name="get_Name" signature="()" line-rate="1" branch-rate="1" complexity="1">
              <lines>
                <line number="10" hits="7" branch="False" />
              </lines>
            </method>
            <method name="get_StepRef" signature="()" line-rate="1" branch-rate="1" complexity="1">
              <lines>
                <line number="11" hits="9" branch="False" />
              </lines>
            </method>
            <method name=".ctor" signature="(System.String,System.String)" line-rate="1" branch-rate="1" complexity="2">
              <lines>
                <line number="13" hits="12" branch="False" />
                <line number="14" hits="12" branch="False" />
                <line number="15" hits="12" branch="False" />
                <line number="16" hits="11" branch="True" condition-coverage="100% (2/2)">
                  <conditions>
                    <condition number="36" type="jump" coverage="100%" />
                  </conditions>
                </line>
                <line number="17" hits="4" branch="False" />
                <line number="18" hits="4" branch="False" />
                <line number="19" hits="4" branch="False" />
                <line number="20" hits="7" branch="False" />
                <line number="21" hits="7" branch="False" />
                <line number="22" hits="7" branch="False" />
              </lines>
            </method>
          </methods>
          <lines>
            <line number="10" hits="7" branch="False" />
            <line number="11" hits="9" branch="False" />
            <line number="13" hits="12" branch="False" />
            <line number="14" hits="12" branch="False" />
            <line number="15" hits="12" branch="False" />
            <line number="16" hits="11" branch="True" condition-coverage="100% (2/2)">
              <conditions>
                <condition number="36" type="jump" coverage="100%" />
              </conditions>
            </line>
            <line number="17" hits="4" branch="False" />
            <line number="18" hits="4" branch="False" />
            <line number="19" hits="4" branch="False" />
            <line number="20" hits="7" branch="False" />
            <line number="21" hits="7" branch="False" />
            <line number="22" hits="7" branch="False" />
          </lines>
        </class>
        <class name="Recrd.Core.Ast.ViewportSize" filename="Ast/ViewportSize.cs" line-rate="1" branch-rate="1" complexity="1">
          <methods>
            <method name="get_Width" signature="()" line-rate="1" branch-rate="1" complexity="1">
              <lines>
                <line number="3" hits="20" branch="False" />
              </lines>
            </method>
          </methods>
          <lines>
            <line number="3" hits="20" branch="False" />
          </lines>
        </class>
      </classes>
    </package>
  </packages>
</coverage>